0, 397.739730
1, 403.830293
2, 405.217608
3, 407.081390
4, 407.333489
5, 407.930918
6, 408.985126
7, 410.885744
8, 416.815570
9, 420.677243
10, 425.655738
11, 428.943552
12, 429.552871
13, 424.929013
14, 425.401800
15, 427.963548
16, 429.543562
17, 430.251271
18, 426.039362
19, 431.257757
20, 439.864974
21, 431.928326
22, 426.379215
23, 429.860728
24, 425.101204
25, 425.415848
26, 427.378375
27, 420.544769
28, 425.200772
29, 426.033044
30, 422.871965
31, 409.963982
32, 413.348157
33, 415.016741
34, 416.821347
35, 418.755496
36, 420.442977
37, 421.926611
38, 419.653976
39, 411.545619
40, 412.128787
41, 407.441881
42, 406.764841
43, 402.777279
44, 403.252869
45, 409.891794
46, 409.583420
47, 408.875783
48, 409.236075
49, 413.534198
50, 420.554075
51, 412.211631
52, 409.706159
53, 410.152225
54, 413.300492
55, 404.775264
56, 405.574280
57, 407.632696
58, 406.861423
59, 408.898944
60, 410.215311
61, 415.611596
62, 418.799522
63, 416.957897
64, 418.229215
65, 412.235208
66, 407.986056
67, 400.546131
68, 404.804507
69, 395.032409
70, 396.635308
71, 406.406313
72, 408.874640
73, 404.104747
74, 405.353789
75, 395.853914
76, 396.415063
77, 396.375697
78, 399.230783
79, 401.076131
80, 401.423652
81, 395.221333
82, 395.145832
83, 396.193331
84, 396.529730
85, 396.585578
86, 397.388554
87, 397.519159
88, 398.101852
89, 398.516002
90, 398.512098
91, 400.470501
92, 401.409463
93, 405.818184
94, 397.566267
95, 398.047649
96, 398.853257
97, 398.877046
98, 399.173728
99, 399.846771
100, 399.921242
101, 400.100187
102, 403.028787
103, 406.275370
104, 403.853300
105, 404.238048
106, 400.077245
107, 400.255824
108, 402.195635
109, 404.688859
110, 404.700895
111, 405.211625
112, 403.928036
113, 397.228644
114, 397.559395
115, 399.565710
116, 399.694208
117, 401.546665
118, 402.028835
119, 393.566936
120, 394.054289
121, 394.390294
122, 395.003231
123, 395.816049
124, 395.452434
125, 397.334294
126, 399.344827
127, 399.543635
128, 399.451320
129, 399.787605
130, 400.739696
131, 400.794872
132, 403.587264
133, 395.973282
134, 396.815763
135, 397.016949
136, 400.896467
137, 394.056860
138, 394.542329
139, 394.562685
140, 395.018991
141, 395.258690
142, 395.744965
143, 395.484788
144, 395.555543
145, 396.180484
146, 396.477709
147, 396.952953
148, 397.651450
149, 397.649849
150, 398.652783
151, 401.252758
152, 401.338770
153, 395.076506
154, 395.336941
155, 395.473532
156, 398.306504
157, 400.182001
158, 401.007617
159, 401.358544
160, 401.436669
161, 401.486029
162, 401.775938
163, 401.535357
164, 401.558366
165, 401.458951
166, 401.919610
167, 402.048783
168, 401.660648
169, 402.109912
170, 402.164075
171, 403.815665
172, 407.450445
173, 407.532898
174, 408.062496
175, 407.715030
176, 408.197464
177, 408.012567
178, 408.333001
179, 409.035911
180, 408.912835
181, 401.063110
182, 402.295359
183, 400.846065
184, 402.469476
185, 401.218741
186, 405.225899
187, 405.964063
188, 406.611157
189, 407.036330
190, 414.165468
191, 408.504156
192, 408.698032
193, 414.434140
194, 408.359790
195, 414.792366
196, 415.116584
197, 411.737468
198, 417.223446
199, 412.015739
200, 415.971232
201, 405.133407
202, 404.691530
203, 405.127330
204, 405.047962
205, 404.571921
206, 404.632889
207, 404.707002
208, 404.966211
209, 404.699587
210, 400.387453
211, 400.559496
212, 400.534074
213, 401.141263
214, 400.590309
215, 400.966736
216, 401.636094
217, 401.498880
218, 401.677538
219, 401.778896
220, 401.285033
221, 403.424651
222, 402.568389
223, 402.661609
224, 403.155422
225, 403.951538
226, 403.401803
227, 403.442596
228, 408.576377
229, 402.825387
230, 393.374923
231, 393.067544
232, 393.193638
233, 393.183954
234, 393.462474
235, 393.194643
236, 393.526489
237, 394.297302
238, 395.209873
239, 394.317617
240, 395.619732
241, 394.918653
242, 394.937989
243, 395.682802
244, 395.829186
245, 395.780240
246, 395.956162
247, 395.896904
248, 395.988367
249, 395.673460
250, 395.681143
251, 395.576418
252, 395.620001
253, 396.051959
254, 395.470994
255, 395.804070
256, 395.838680
257, 397.123267
258, 397.008043
259, 397.038039
260, 398.293160
261, 397.114012
262, 397.085069
263, 396.992144
264, 398.323073
265, 396.970013
266, 397.033338
267, 397.433449
268, 397.853867
269, 398.047429
270, 398.612655
271, 400.029308
272, 400.050129
273, 399.986415
274, 399.993341
275, 400.000304
276, 399.987085
277, 399.920016
278, 400.102233
279, 400.028964
280, 399.940337
281, 400.412756
282, 400.811662
283, 400.818493
284, 400.966549
285, 404.993228
286, 405.039109
287, 395.628237
288, 395.762744
289, 396.044907
290, 395.695766
291, 395.731103
292, 395.920430
293, 395.778492
294, 395.772562
295, 395.730441
296, 396.069468
297, 396.003878
298, 396.286290
299, 396.128457
300, 396.147878
301, 396.268728
302, 396.266700
303, 396.901286
304, 397.419518
305, 400.845906
306, 400.864706
307, 391.750757
308, 391.652334
309, 391.722733
310, 391.639803
311, 391.510270
312, 391.607436
313, 391.505828
314, 391.691136
315, 391.490402
316, 391.638889
317, 391.814461
318, 391.956938
319, 392.134898
320, 392.146671
321, 392.181184
322, 391.927434
323, 391.791731
324, 391.867411
325, 391.881521
326, 391.822904
327, 391.898820
328, 391.889609
329, 391.900090
330, 391.850655
331, 392.529035
332, 392.473999
333, 392.388217
334, 392.399836
335, 392.512490
336, 392.503565
337, 392.483916
338, 392.702867
339, 392.554971
340, 392.418467
341, 393.514091
342, 393.413033
343, 392.673621
344, 392.879627
345, 393.207057
346, 393.375431
347, 393.346579
348, 393.164146
349, 393.220761
350, 393.846021
351, 393.245889
352, 393.873312
353, 393.414398
354, 393.722465
355, 393.786644
356, 393.450044
357, 393.127036
358, 393.260366
359, 393.257018
360, 393.266323
361, 393.240715
362, 393.393188
363, 393.226213
364, 393.750988
365, 393.768314
366, 393.738783
367, 393.765597
368, 393.800882
369, 393.875465
370, 393.881713
371, 393.124937
372, 393.066196
373, 393.048172
374, 393.141338
375, 393.113870
376, 393.025533
377, 393.219787
378, 393.431504
379, 393.304097
380, 394.050271
381, 394.189719
382, 393.619615
383, 393.631499
384, 393.674702
385, 393.948491
386, 394.354930
387, 394.263861
388, 394.380415
389, 394.410605
390, 393.868941
391, 395.101176
392, 394.159381
393, 394.552781
394, 395.053992
395, 395.092976
396, 393.826267
397, 394.228772
398, 394.141688
399, 395.088116
400, 393.762806
401, 393.855904
402, 393.940989
403, 395.084611
404, 393.822631
405, 394.628290
406, 394.340485
407, 394.712370
408, 394.072161
409, 395.348634
410, 394.348105
411, 394.420039
412, 393.871261
413, 394.908329
414, 394.937935
415, 394.930498
416, 394.957205
417, 394.781497
418, 394.809836
419, 395.113357
420, 394.953724
421, 395.088220
422, 395.098504
423, 395.346597
424, 395.166000
425, 395.082054
426, 395.064044
427, 394.937685
428, 394.944118
429, 394.946566
430, 394.956722
431, 395.001646
432, 395.123178
433, 395.058401
434, 395.078163
435, 394.857367
436, 394.871319
437, 394.773691
438, 395.019668
439, 394.816773
440, 394.762191
441, 394.769416
442, 394.770554
443, 394.934610
444, 395.028236
445, 394.940359
446, 395.537223
447, 395.530041
448, 394.975822
449, 394.962002
450, 394.896262
451, 396.259099
452, 395.670253
453, 395.760535
454, 395.704601
455, 395.983639
456, 396.107990
457, 396.098747
458, 395.637734
459, 397.228699
460, 396.892880
461, 397.199161
462, 398.189966
463, 398.443717
464, 398.227497
465, 398.176396
466, 398.184076
467, 398.266798
468, 398.281967
469, 398.210829
470, 399.256509
471, 398.186670
472, 398.343614
473, 398.346981
474, 398.415506
475, 398.370600
476, 398.390643
477, 398.328544
478, 398.189021
479, 398.319355
480, 398.325486
481, 398.197983
482, 398.329389
483, 398.225310
484, 398.241425
485, 398.326386
486, 398.325932
487, 398.261057
488, 398.299257
489, 398.518806
490, 398.571837
491, 398.014369
492, 398.576329
493, 399.032212
494, 398.826459
495, 398.867564
496, 398.885653
497, 398.886012
498, 398.833367
499, 399.548322
